d:\code\c++\projects\tetris-cpp\tetris-cpp\x64\debug\vc143.pdb
d:\code\c++\projects\tetris-cpp\tetris-cpp\x64\debug\vc143.idb
d:\code\c++\projects\tetris-cpp\tetris-cpp\x64\debug\userinterface.obj
d:\code\c++\projects\tetris-cpp\tetris-cpp\x64\debug\position.obj
d:\code\c++\projects\tetris-cpp\tetris-cpp\x64\debug\grid.obj
d:\code\c++\projects\tetris-cpp\tetris-cpp\x64\debug\game.obj
d:\code\c++\projects\tetris-cpp\tetris-cpp\x64\debug\colors.obj
d:\code\c++\projects\tetris-cpp\tetris-cpp\x64\debug\blocks.obj
d:\code\c++\projects\tetris-cpp\tetris-cpp\x64\debug\block.obj
d:\code\c++\projects\tetris-cpp\tetris-cpp\x64\debug\main.obj
d:\code\c++\projects\tetris-cpp\x64\debug\tetris-cpp.exe
d:\code\c++\projects\tetris-cpp\x64\debug\tetris-cpp.pdb
d:\code\c++\projects\tetris-cpp\x64\debug\raylib.dll
d:\code\c++\projects\tetris-cpp\tetris-cpp\x64\debug\tetris-cpp.ilk
d:\code\c++\projects\tetris-cpp\tetris-cpp\x64\debug\tetris-cpp.tlog\cl.command.1.tlog
d:\code\c++\projects\tetris-cpp\tetris-cpp\x64\debug\tetris-cpp.tlog\cl.items.tlog
d:\code\c++\projects\tetris-cpp\tetris-cpp\x64\debug\tetris-cpp.tlog\cl.read.1.tlog
d:\code\c++\projects\tetris-cpp\tetris-cpp\x64\debug\tetris-cpp.tlog\cl.write.1.tlog
d:\code\c++\projects\tetris-cpp\tetris-cpp\x64\debug\tetris-cpp.tlog\link.command.1.tlog
d:\code\c++\projects\tetris-cpp\tetris-cpp\x64\debug\tetris-cpp.tlog\link.read.1.tlog
d:\code\c++\projects\tetris-cpp\tetris-cpp\x64\debug\tetris-cpp.tlog\link.secondary.1.tlog
d:\code\c++\projects\tetris-cpp\tetris-cpp\x64\debug\tetris-cpp.tlog\link.write.1.tlog
d:\code\c++\projects\tetris-cpp\tetris-cpp\x64\debug\tetris-cpp.tlog\tetris-cpp.write.1u.tlog
